Build started 2013/4/24 13:47:06.
     1>Project "C:\Users\yxz02u\Desktop\G52CPP CW2013\src\CourseworkBase.vcxproj" on node 2 (Build target(s)).
     1>ClCompile:
         C:\Program Files (x86)\Microsoft Visual Studio 11.0\VC\bin\CL.exe /c /I"..\SDL_ttf-2.0.9\include" /I"..\SDL-1.2.13\include" /ZI /nologo /W1 /WX- /Od /Oy- /Gm- /EHsc /MD /GS /fp:precise /Zc:wchar_t /Zc:forScope /Fo"C:\Users\yxz02u\Desktop\G52CPP CW2013\/Debug\\" /Fd"C:\Users\yxz02u\Desktop\G52CPP CW2013\/Debug\vc110.pdb" /FR"C:\Users\yxz02u\Desktop\G52CPP CW2013\/Debug\\" /Gd /TP /analyze- /errorReport:prompt MyProjectMain.cpp
         MyProjectMain.cpp
       Link:
         C:\Program Files (x86)\Microsoft Visual Studio 11.0\VC\bin\link.exe /ERRORREPORT:PROMPT /OUT:"C:\Users\yxz02u\Desktop\G52CPP CW2013\/Debug\CourseworkBase.exe" /NOLOGO /LIBPATH:"..\SDL-1.2.13\lib" /LIBPATH:"..\SDL_ttf-2.0.9\lib" sdl.lib sdlmain.lib SDL_ttf.lib SDL_image.lib kernel32.lib user32.lib gdi32.lib winspool.lib comdlg32.lib advapi32.lib shell32.lib ole32.lib oleaut32.lib uuid.lib odbc32.lib odbccp32.lib /MANIFEST /MANIFESTUAC:"level='asInvoker' uiAccess='false'" /manifest:embed /DEBUG /PDB:"C:\Users\yxz02u\Desktop\G52CPP CW2013\/Debug\CourseworkBase.pdb" /MAP:"map" /SUBSYSTEM:CONSOLE /TLBID:1 /ENTRY:"mainCRTStartup" /DYNAMICBASE:NO /IMPLIB:"C:\Users\yxz02u\Desktop\G52CPP CW2013\/Debug\CourseworkBase.lib" /MACHINE:X86 /SAFESEH "C:\Users\yxz02u\Desktop\G52CPP CW2013\/Debug\Base.obj"
         "C:\Users\yxz02u\Desktop\G52CPP CW2013\/Debug\Bullet.obj"
         "C:\Users\yxz02u\Desktop\G52CPP CW2013\/Debug\EnemyTank.obj"
         "C:\Users\yxz02u\Desktop\G52CPP CW2013\/Debug\GameProp.obj"
         "C:\Users\yxz02u\Desktop\G52CPP CW2013\/Debug\mainfunction.obj"
         "C:\Users\yxz02u\Desktop\G52CPP CW2013\/Debug\BaseEngine.obj"
         "C:\Users\yxz02u\Desktop\G52CPP CW2013\/Debug\DisplayableObject.obj"
         "C:\Users\yxz02u\Desktop\G52CPP CW2013\/Debug\FontManager.obj"
         "C:\Users\yxz02u\Desktop\G52CPP CW2013\/Debug\JPGImage.obj"
         "C:\Users\yxz02u\Desktop\G52CPP CW2013\/Debug\MyProjectMain.obj"
         "C:\Users\yxz02u\Desktop\G52CPP CW2013\/Debug\MyTileManager.obj"
         "C:\Users\yxz02u\Desktop\G52CPP CW2013\/Debug\PlayerTank.obj"
         "C:\Users\yxz02u\Desktop\G52CPP CW2013\/Debug\SelectionIcon.obj"
         "C:\Users\yxz02u\Desktop\G52CPP CW2013\/Debug\Tank.obj"
         "C:\Users\yxz02u\Desktop\G52CPP CW2013\/Debug\TileManager.obj"
         "C:\Users\yxz02u\Desktop\G52CPP CW2013\/Debug\BouncingBall.obj"
         "C:\Users\yxz02u\Desktop\G52CPP CW2013\/Debug\BouncingBallMain.obj"
         "C:\Users\yxz02u\Desktop\G52CPP CW2013\/Debug\Demo2aMain.obj"
         "C:\Users\yxz02u\Desktop\G52CPP CW2013\/Debug\Demo2Main.obj"
         "C:\Users\yxz02u\Desktop\G52CPP CW2013\/Debug\Demo2Object.obj"
         "C:\Users\yxz02u\Desktop\G52CPP CW2013\/Debug\Demo2TileManager.obj"
         "C:\Users\yxz02u\Desktop\G52CPP CW2013\/Debug\Demo3Main.obj"
         "C:\Users\yxz02u\Desktop\G52CPP CW2013\/Debug\Demo3Object.obj"
         "C:\Users\yxz02u\Desktop\G52CPP CW2013\/Debug\Demo3ObjectFinished.obj"
         "C:\Users\yxz02u\Desktop\G52CPP CW2013\/Debug\Demo3TileManager.obj"
         "C:\Users\yxz02u\Desktop\G52CPP CW2013\/Debug\Demo4Main.obj"
         "C:\Users\yxz02u\Desktop\G52CPP CW2013\/Debug\Demo4Object.obj"
         "C:\Users\yxz02u\Desktop\G52CPP CW2013\/Debug\Demo4TileManager.obj"
         CourseworkBase.vcxproj -> C:\Users\yxz02u\Desktop\G52CPP CW2013\/Debug\CourseworkBase.exe
     1>Done Building Project "C:\Users\yxz02u\Desktop\G52CPP CW2013\src\CourseworkBase.vcxproj" (Build target(s)).

Build succeeded.

Time Elapsed 00:00:01.90
